{"uuid":"56498fd2-1200-4d1d-9b55-49be73fadc46","historyId":"efa0b5372acf429bd9ccbffd0c780ba5","fullName":"Leaves functionality test cases: Employee user should be able to create a draft leave","labels":[{"name":"tag","value":"web"},{"name":"tag","value":"draftLeave"},{"name":"host","value":"Sharys-Mackbook-Pro.local"},{"name":"thread","value":"34495@Sharys-Mackbook-Pro.local.main(1)"},{"name":"feature","value":"Leaves functionality test cases"},{"name":"story","value":"Employee user should be able to create a draft leave"},{"name":"suite","value":"Leaves functionality test cases"},{"name":"testClass","value":"Employee user should be able to create a draft leave"},{"name":"framework","value":"cucumber4jvm"},{"name":"language","value":"java"},{"name":"gherkin_uri","value":"file:///Users/macbook/Desktop/Resume/Automation/shary-selenium-java/src/test/java/features/Leaves.feature"},{"name":"package","value":"src.test.java.features.Leaves_feature.Leaves functionality test cases"}],"links":[],"name":"Employee user should be able to create a draft leave","status":"broken","statusDetails":{"known":false,"muted":false,"flaky":false,"message":"Element <button class=\"button-main type--secondary solid disabled\"> is not clickable at point (886,828) because another element <div class=\"button-main--disabled focus-border button-main__wrapper\"> obscures it\nBuild info: version: '4.11.0', revision: '040bc5406b'\nSystem info: os.name: 'Mac OS X', os.arch: 'aarch64', os.version: '14.2.1', java.version: '22.0.1'\nDriver info: org.openqa.selenium.firefox.FirefoxDriver\nCommand: [62f4ebc4-ee0c-47ef-b731-e85b4b81a6b2, clickElement {id=28187d2d-8302-40c7-aba6-3246f602a33d}]\nCapabilities {acceptInsecureCerts: true, browserName: firefox, browserVersion: 125.0.3, moz:accessibilityChecks: false, moz:buildID: 20240425211020, moz:debuggerAddress: 127.0.0.1:18914, moz:geckodriverVersion: 0.34.0, moz:headless: false, moz:platformVersion: 23.2.0, moz:processID: 34502, moz:profile: /var/folders/cc/gb923fdn0cv..., moz:shutdownTimeout: 60000, moz:webdriverClick: true, moz:windowless: false, pageLoadStrategy: normal, platformName: mac, proxy: Proxy(), se:cdp: ws://127.0.0.1:18914/devtoo..., se:cdpVersion: 85.0, setWindowRect: true, strictFileInteractability: false, timeouts: {implicit: 0, pageLoad: 300000, script: 30000}, unhandledPromptBehavior: dismiss and notify, userAgent: Mozilla/5.0 (Macintosh; Int...}\nElement: [[FirefoxDriver: firefox on mac (62f4ebc4-ee0c-47ef-b731-e85b4b81a6b2)] -> css selector: button[data-test=\"save-draft\"]]\nSession ID: 62f4ebc4-ee0c-47ef-b731-e85b4b81a6b2","trace":"org.openqa.selenium.ElementClickInterceptedException: Element <button class=\"button-main type--secondary solid disabled\"> is not clickable at point (886,828) because another element <div class=\"button-main--disabled focus-border button-main__wrapper\"> obscures it\nBuild info: version: '4.11.0', revision: '040bc5406b'\nSystem info: os.name: 'Mac OS X', os.arch: 'aarch64', os.version: '14.2.1', java.version: '22.0.1'\nDriver info: org.openqa.selenium.firefox.FirefoxDriver\nCommand: [62f4ebc4-ee0c-47ef-b731-e85b4b81a6b2, clickElement {id=28187d2d-8302-40c7-aba6-3246f602a33d}]\nCapabilities {acceptInsecureCerts: true, browserName: firefox, browserVersion: 125.0.3, moz:accessibilityChecks: false, moz:buildID: 20240425211020, moz:debuggerAddress: 127.0.0.1:18914, moz:geckodriverVersion: 0.34.0, moz:headless: false, moz:platformVersion: 23.2.0, moz:processID: 34502, moz:profile: /var/folders/cc/gb923fdn0cv..., moz:shutdownTimeout: 60000, moz:webdriverClick: true, moz:windowless: false, pageLoadStrategy: normal, platformName: mac, proxy: Proxy(), se:cdp: ws://127.0.0.1:18914/devtoo..., se:cdpVersion: 85.0, setWindowRect: true, strictFileInteractability: false, timeouts: {implicit: 0, pageLoad: 300000, script: 30000}, unhandledPromptBehavior: dismiss and notify, userAgent: Mozilla/5.0 (Macintosh; Int...}\nElement: [[FirefoxDriver: firefox on mac (62f4ebc4-ee0c-47ef-b731-e85b4b81a6b2)] -> css selector: button[data-test=\"save-draft\"]]\nSession ID: 62f4ebc4-ee0c-47ef-b731-e85b4b81a6b2\n\tat java.base/jdk.internal.reflect.DirectConstructorHandleAccessor.newInstance(DirectConstructorHandleAccessor.java:62)\n\tat java.base/java.lang.reflect.Constructor.newInstanceWithCaller(Constructor.java:502)\n\tat java.base/java.lang.reflect.Constructor.newInstance(Constructor.java:486)\n\tat org.openqa.selenium.remote.codec.w3c.W3CHttpResponseCodec.createException(W3CHttpResponseCodec.java:200)\n\tat org.openqa.selenium.remote.codec.w3c.W3CHttpResponseCodec.decode(W3CHttpResponseCodec.java:133)\n\tat org.openqa.selenium.remote.codec.w3c.W3CHttpResponseCodec.decode(W3CHttpResponseCodec.java:52)\n\tat org.openqa.selenium.remote.HttpCommandExecutor.execute(HttpCommandExecutor.java:191)\n\tat org.openqa.selenium.remote.service.DriverCommandExecutor.invokeExecute(DriverCommandExecutor.java:196)\n\tat org.openqa.selenium.remote.service.DriverCommandExecutor.execute(DriverCommandExecutor.java:171)\n\tat org.openqa.selenium.remote.RemoteWebDriver.execute(RemoteWebDriver.java:518)\n\tat org.openqa.selenium.remote.RemoteWebElement.execute(RemoteWebElement.java:224)\n\tat org.openqa.selenium.remote.RemoteWebElement.click(RemoteWebElement.java:77)\n\tat mercans.pageobjects.LeavesPage.clickSaveDraftBtn(LeavesPage.java:57)\n\tat mercans.stepdefinations.LeavesSteps.clickOnSaveDraftButton(LeavesSteps.java:40)\n\tat ✽.I click on the save draft button(file:///Users/macbook/Desktop/Resume/Automation/shary-selenium-java/src/test/java/features/Leaves.feature:16)\n"},"stage":"finished","steps":[{"name":"When  I enter email \"employeeEmail\" in logIn Screen","status":"passed","statusDetails":{"known":false,"muted":false,"flaky":false},"stage":"finished","steps":[],"attachments":[],"parameters":[],"start":1715614992786,"stop":1715614993896},{"name":"And  I enter password \"employeePassword\" in logIn Screen","status":"passed","statusDetails":{"known":false,"muted":false,"flaky":false},"stage":"finished","steps":[],"attachments":[],"parameters":[],"start":1715614993896,"stop":1715614993918},{"name":"And  I click on the login button","status":"passed","statusDetails":{"known":false,"muted":false,"flaky":false},"stage":"finished","steps":[],"attachments":[],"parameters":[],"start":1715614993919,"stop":1715614994171},{"name":"And  User landed to the quick access page","status":"passed","statusDetails":{"known":false,"muted":false,"flaky":false},"stage":"finished","steps":[],"attachments":[],"parameters":[],"start":1715614994171,"stop":1715614996519},{"name":"And  I clicks on the quick access - leaves card","status":"passed","statusDetails":{"known":false,"muted":false,"flaky":false},"stage":"finished","steps":[],"attachments":[],"parameters":[],"start":1715614996519,"stop":1715614996744},{"name":"Then  Validate that URL contains \"leavesURL\" text","status":"passed","statusDetails":{"known":false,"muted":false,"flaky":false},"stage":"finished","steps":[],"attachments":[],"parameters":[],"start":1715614996744,"stop":1715614996750},{"name":"When  I click on plus button for requesting the leave","status":"passed","statusDetails":{"known":false,"muted":false,"flaky":false},"stage":"finished","steps":[],"attachments":[],"parameters":[],"start":1715614996750,"stop":1715614997439},{"name":"Then  Validate that URL contains \"newLeavesRequestURL\" text","status":"passed","statusDetails":{"known":false,"muted":false,"flaky":false},"stage":"finished","steps":[],"attachments":[],"parameters":[],"start":1715614997440,"stop":1715614997444},{"name":"And  Request new leave modal should be displayed","status":"passed","statusDetails":{"known":false,"muted":false,"flaky":false},"stage":"finished","steps":[],"attachments":[],"parameters":[],"start":1715614997444,"stop":1715614997471},{"name":"And  Select a date for the request a leave","status":"passed","statusDetails":{"known":false,"muted":false,"flaky":false},"stage":"finished","steps":[],"attachments":[],"parameters":[],"start":1715614997471,"stop":1715615001987},{"name":"Then  Validate before and after leaves should be matched","status":"passed","statusDetails":{"known":false,"muted":false,"flaky":false},"stage":"finished","steps":[],"attachments":[],"parameters":[],"start":1715615001987,"stop":1715615002015},{"name":"And  I click on the save draft button","status":"broken","statusDetails":{"known":false,"muted":false,"flaky":false,"message":"Element <button class=\"button-main type--secondary solid disabled\"> is not clickable at point (886,828) because another element <div class=\"button-main--disabled focus-border button-main__wrapper\"> obscures it\nBuild info: version: '4.11.0', revision: '040bc5406b'\nSystem info: os.name: 'Mac OS X', os.arch: 'aarch64', os.version: '14.2.1', java.version: '22.0.1'\nDriver info: org.openqa.selenium.firefox.FirefoxDriver\nCommand: [62f4ebc4-ee0c-47ef-b731-e85b4b81a6b2, clickElement {id=28187d2d-8302-40c7-aba6-3246f602a33d}]\nCapabilities {acceptInsecureCerts: true, browserName: firefox, browserVersion: 125.0.3, moz:accessibilityChecks: false, moz:buildID: 20240425211020, moz:debuggerAddress: 127.0.0.1:18914, moz:geckodriverVersion: 0.34.0, moz:headless: false, moz:platformVersion: 23.2.0, moz:processID: 34502, moz:profile: /var/folders/cc/gb923fdn0cv..., moz:shutdownTimeout: 60000, moz:webdriverClick: true, moz:windowless: false, pageLoadStrategy: normal, platformName: mac, proxy: Proxy(), se:cdp: ws://127.0.0.1:18914/devtoo..., se:cdpVersion: 85.0, setWindowRect: true, strictFileInteractability: false, timeouts: {implicit: 0, pageLoad: 300000, script: 30000}, unhandledPromptBehavior: dismiss and notify, userAgent: Mozilla/5.0 (Macintosh; Int...}\nElement: [[FirefoxDriver: firefox on mac (62f4ebc4-ee0c-47ef-b731-e85b4b81a6b2)] -> css selector: button[data-test=\"save-draft\"]]\nSession ID: 62f4ebc4-ee0c-47ef-b731-e85b4b81a6b2","trace":"org.openqa.selenium.ElementClickInterceptedException: Element <button class=\"button-main type--secondary solid disabled\"> is not clickable at point (886,828) because another element <div class=\"button-main--disabled focus-border button-main__wrapper\"> obscures it\nBuild info: version: '4.11.0', revision: '040bc5406b'\nSystem info: os.name: 'Mac OS X', os.arch: 'aarch64', os.version: '14.2.1', java.version: '22.0.1'\nDriver info: org.openqa.selenium.firefox.FirefoxDriver\nCommand: [62f4ebc4-ee0c-47ef-b731-e85b4b81a6b2, clickElement {id=28187d2d-8302-40c7-aba6-3246f602a33d}]\nCapabilities {acceptInsecureCerts: true, browserName: firefox, browserVersion: 125.0.3, moz:accessibilityChecks: false, moz:buildID: 20240425211020, moz:debuggerAddress: 127.0.0.1:18914, moz:geckodriverVersion: 0.34.0, moz:headless: false, moz:platformVersion: 23.2.0, moz:processID: 34502, moz:profile: /var/folders/cc/gb923fdn0cv..., moz:shutdownTimeout: 60000, moz:webdriverClick: true, moz:windowless: false, pageLoadStrategy: normal, platformName: mac, proxy: Proxy(), se:cdp: ws://127.0.0.1:18914/devtoo..., se:cdpVersion: 85.0, setWindowRect: true, strictFileInteractability: false, timeouts: {implicit: 0, pageLoad: 300000, script: 30000}, unhandledPromptBehavior: dismiss and notify, userAgent: Mozilla/5.0 (Macintosh; Int...}\nElement: [[FirefoxDriver: firefox on mac (62f4ebc4-ee0c-47ef-b731-e85b4b81a6b2)] -> css selector: button[data-test=\"save-draft\"]]\nSession ID: 62f4ebc4-ee0c-47ef-b731-e85b4b81a6b2\n\tat java.base/jdk.internal.reflect.DirectConstructorHandleAccessor.newInstance(DirectConstructorHandleAccessor.java:62)\n\tat java.base/java.lang.reflect.Constructor.newInstanceWithCaller(Constructor.java:502)\n\tat java.base/java.lang.reflect.Constructor.newInstance(Constructor.java:486)\n\tat org.openqa.selenium.remote.codec.w3c.W3CHttpResponseCodec.createException(W3CHttpResponseCodec.java:200)\n\tat org.openqa.selenium.remote.codec.w3c.W3CHttpResponseCodec.decode(W3CHttpResponseCodec.java:133)\n\tat org.openqa.selenium.remote.codec.w3c.W3CHttpResponseCodec.decode(W3CHttpResponseCodec.java:52)\n\tat org.openqa.selenium.remote.HttpCommandExecutor.execute(HttpCommandExecutor.java:191)\n\tat org.openqa.selenium.remote.service.DriverCommandExecutor.invokeExecute(DriverCommandExecutor.java:196)\n\tat org.openqa.selenium.remote.service.DriverCommandExecutor.execute(DriverCommandExecutor.java:171)\n\tat org.openqa.selenium.remote.RemoteWebDriver.execute(RemoteWebDriver.java:518)\n\tat org.openqa.selenium.remote.RemoteWebElement.execute(RemoteWebElement.java:224)\n\tat org.openqa.selenium.remote.RemoteWebElement.click(RemoteWebElement.java:77)\n\tat mercans.pageobjects.LeavesPage.clickSaveDraftBtn(LeavesPage.java:57)\n\tat mercans.stepdefinations.LeavesSteps.clickOnSaveDraftButton(LeavesSteps.java:40)\n\tat ✽.I click on the save draft button(file:///Users/macbook/Desktop/Resume/Automation/shary-selenium-java/src/test/java/features/Leaves.feature:16)\n"},"stage":"finished","steps":[],"attachments":[],"parameters":[],"start":1715615002015,"stop":1715615002031},{"name":"Then  Validate that alert should be displayed with the \"Draft request has been created\" text","status":"skipped","statusDetails":{"known":false,"muted":false,"flaky":false},"stage":"finished","steps":[],"attachments":[],"parameters":[],"start":1715615002031,"stop":1715615002031}],"attachments":[],"parameters":[],"start":1715614989191,"stop":1715615002681}