{"uuid":"b566e4b2-c87f-4b37-bd71-0743d4a3e75f","historyId":"ab680306c4755cd5d14c8cb1fc600133","fullName":"Leaves functionality test cases: Manager should be able to reject the leave request","labels":[{"name":"tag","value":"web"},{"name":"tag","value":"leaves3"},{"name":"host","value":"Sharys-Mackbook-Pro.local"},{"name":"thread","value":"31568@Sharys-Mackbook-Pro.local.main(1)"},{"name":"feature","value":"Leaves functionality test cases"},{"name":"story","value":"Manager should be able to reject the leave request"},{"name":"suite","value":"Leaves functionality test cases"},{"name":"testClass","value":"Manager should be able to reject the leave request"},{"name":"framework","value":"cucumber4jvm"},{"name":"language","value":"java"},{"name":"gherkin_uri","value":"file:///Users/macbook/Desktop/Resume/Automation/shary-selenium-java/src/test/java/features/Leaves.feature"},{"name":"package","value":"src.test.java.features.Leaves_feature.Leaves functionality test cases"}],"links":[],"name":"Manager should be able to reject the leave request","status":"broken","statusDetails":{"known":false,"muted":false,"flaky":false,"message":"Element <tr id=\"tr-113059\" class=\"body-row table-white\"> could not be scrolled into view\nBuild info: version: '4.11.0', revision: '040bc5406b'\nSystem info: os.name: 'Mac OS X', os.arch: 'aarch64', os.version: '14.2.1', java.version: '22.0.1'\nDriver info: org.openqa.selenium.firefox.FirefoxDriver\nCommand: [24c79bf6-f568-4ec9-b99f-21a68436d19b, clickElement {id=7107241a-63a7-42ff-8a7b-ae188eaee177}]\nCapabilities {acceptInsecureCerts: true, browserName: firefox, browserVersion: 125.0.3, moz:accessibilityChecks: false, moz:buildID: 20240425211020, moz:debuggerAddress: 127.0.0.1:43385, moz:geckodriverVersion: 0.34.0, moz:headless: false, moz:platformVersion: 23.2.0, moz:processID: 31609, moz:profile: /var/folders/cc/gb923fdn0cv..., moz:shutdownTimeout: 60000, moz:webdriverClick: true, moz:windowless: false, pageLoadStrategy: normal, platformName: mac, proxy: Proxy(), se:cdp: ws://127.0.0.1:43385/devtoo..., se:cdpVersion: 85.0, setWindowRect: true, strictFileInteractability: false, timeouts: {implicit: 0, pageLoad: 300000, script: 30000}, unhandledPromptBehavior: dismiss and notify, userAgent: Mozilla/5.0 (Macintosh; Int...}\nElement: [[FirefoxDriver: firefox on mac (24c79bf6-f568-4ec9-b99f-21a68436d19b)] -> css selector: #tableBody-leave-table tr:first-child]\nSession ID: 24c79bf6-f568-4ec9-b99f-21a68436d19b","trace":"org.openqa.selenium.ElementNotInteractableException: Element <tr id=\"tr-113059\" class=\"body-row table-white\"> could not be scrolled into view\nBuild info: version: '4.11.0', revision: '040bc5406b'\nSystem info: os.name: 'Mac OS X', os.arch: 'aarch64', os.version: '14.2.1', java.version: '22.0.1'\nDriver info: org.openqa.selenium.firefox.FirefoxDriver\nCommand: [24c79bf6-f568-4ec9-b99f-21a68436d19b, clickElement {id=7107241a-63a7-42ff-8a7b-ae188eaee177}]\nCapabilities {acceptInsecureCerts: true, browserName: firefox, browserVersion: 125.0.3, moz:accessibilityChecks: false, moz:buildID: 20240425211020, moz:debuggerAddress: 127.0.0.1:43385, moz:geckodriverVersion: 0.34.0, moz:headless: false, moz:platformVersion: 23.2.0, moz:processID: 31609, moz:profile: /var/folders/cc/gb923fdn0cv..., moz:shutdownTimeout: 60000, moz:webdriverClick: true, moz:windowless: false, pageLoadStrategy: normal, platformName: mac, proxy: Proxy(), se:cdp: ws://127.0.0.1:43385/devtoo..., se:cdpVersion: 85.0, setWindowRect: true, strictFileInteractability: false, timeouts: {implicit: 0, pageLoad: 300000, script: 30000}, unhandledPromptBehavior: dismiss and notify, userAgent: Mozilla/5.0 (Macintosh; Int...}\nElement: [[FirefoxDriver: firefox on mac (24c79bf6-f568-4ec9-b99f-21a68436d19b)] -> css selector: #tableBody-leave-table tr:first-child]\nSession ID: 24c79bf6-f568-4ec9-b99f-21a68436d19b\n\tat java.base/jdk.internal.reflect.DirectConstructorHandleAccessor.newInstance(DirectConstructorHandleAccessor.java:62)\n\tat java.base/java.lang.reflect.Constructor.newInstanceWithCaller(Constructor.java:502)\n\tat java.base/java.lang.reflect.Constructor.newInstance(Constructor.java:486)\n\tat org.openqa.selenium.remote.codec.w3c.W3CHttpResponseCodec.createException(W3CHttpResponseCodec.java:200)\n\tat org.openqa.selenium.remote.codec.w3c.W3CHttpResponseCodec.decode(W3CHttpResponseCodec.java:133)\n\tat org.openqa.selenium.remote.codec.w3c.W3CHttpResponseCodec.decode(W3CHttpResponseCodec.java:52)\n\tat org.openqa.selenium.remote.HttpCommandExecutor.execute(HttpCommandExecutor.java:191)\n\tat org.openqa.selenium.remote.service.DriverCommandExecutor.invokeExecute(DriverCommandExecutor.java:196)\n\tat org.openqa.selenium.remote.service.DriverCommandExecutor.execute(DriverCommandExecutor.java:171)\n\tat org.openqa.selenium.remote.RemoteWebDriver.execute(RemoteWebDriver.java:518)\n\tat org.openqa.selenium.remote.RemoteWebElement.execute(RemoteWebElement.java:224)\n\tat org.openqa.selenium.remote.RemoteWebElement.click(RemoteWebElement.java:77)\n\tat mercans.stepdefinations.ReviewerSteps.clickFirstLeave(ReviewerSteps.java:24)\n\tat ✽.I clicks on the first leave that required the approval(file:///Users/macbook/Desktop/Resume/Automation/shary-selenium-java/src/test/java/features/Leaves.feature:42)\n"},"stage":"finished","steps":[{"name":"When  I enter email \"managerEmail\" in logIn Screen","status":"passed","statusDetails":{"known":false,"muted":false,"flaky":false},"stage":"finished","steps":[],"attachments":[],"parameters":[],"start":1715534712287,"stop":1715534712837},{"name":"And  I enter password \"managerPassword\" in logIn Screen","status":"passed","statusDetails":{"known":false,"muted":false,"flaky":false},"stage":"finished","steps":[],"attachments":[],"parameters":[],"start":1715534712837,"stop":1715534712867},{"name":"And  I click on the login button","status":"passed","statusDetails":{"known":false,"muted":false,"flaky":false},"stage":"finished","steps":[],"attachments":[],"parameters":[],"start":1715534712867,"stop":1715534713084},{"name":"And  User landed to the quick access page","status":"passed","statusDetails":{"known":false,"muted":false,"flaky":false},"stage":"finished","steps":[],"attachments":[],"parameters":[],"start":1715534713085,"stop":1715534715187},{"name":"And  I select the approval menu in the left sidebar","status":"passed","statusDetails":{"known":false,"muted":false,"flaky":false},"stage":"finished","steps":[],"attachments":[],"parameters":[],"start":1715534715187,"stop":1715534715430},{"name":"Then  User landed to the reviewer listing page","status":"passed","statusDetails":{"known":false,"muted":false,"flaky":false},"stage":"finished","steps":[],"attachments":[],"parameters":[],"start":1715534715430,"stop":1715534716223},{"name":"And  Validate that URL contains \"reviewerListingURL\" text","status":"passed","statusDetails":{"known":false,"muted":false,"flaky":false},"stage":"finished","steps":[],"attachments":[],"parameters":[],"start":1715534716223,"stop":1715534716225},{"name":"When  I clicks on the first leave that required the approval","status":"broken","statusDetails":{"known":false,"muted":false,"flaky":false,"message":"Element <tr id=\"tr-113059\" class=\"body-row table-white\"> could not be scrolled into view\nBuild info: version: '4.11.0', revision: '040bc5406b'\nSystem info: os.name: 'Mac OS X', os.arch: 'aarch64', os.version: '14.2.1', java.version: '22.0.1'\nDriver info: org.openqa.selenium.firefox.FirefoxDriver\nCommand: [24c79bf6-f568-4ec9-b99f-21a68436d19b, clickElement {id=7107241a-63a7-42ff-8a7b-ae188eaee177}]\nCapabilities {acceptInsecureCerts: true, browserName: firefox, browserVersion: 125.0.3, moz:accessibilityChecks: false, moz:buildID: 20240425211020, moz:debuggerAddress: 127.0.0.1:43385, moz:geckodriverVersion: 0.34.0, moz:headless: false, moz:platformVersion: 23.2.0, moz:processID: 31609, moz:profile: /var/folders/cc/gb923fdn0cv..., moz:shutdownTimeout: 60000, moz:webdriverClick: true, moz:windowless: false, pageLoadStrategy: normal, platformName: mac, proxy: Proxy(), se:cdp: ws://127.0.0.1:43385/devtoo..., se:cdpVersion: 85.0, setWindowRect: true, strictFileInteractability: false, timeouts: {implicit: 0, pageLoad: 300000, script: 30000}, unhandledPromptBehavior: dismiss and notify, userAgent: Mozilla/5.0 (Macintosh; Int...}\nElement: [[FirefoxDriver: firefox on mac (24c79bf6-f568-4ec9-b99f-21a68436d19b)] -> css selector: #tableBody-leave-table tr:first-child]\nSession ID: 24c79bf6-f568-4ec9-b99f-21a68436d19b","trace":"org.openqa.selenium.ElementNotInteractableException: Element <tr id=\"tr-113059\" class=\"body-row table-white\"> could not be scrolled into view\nBuild info: version: '4.11.0', revision: '040bc5406b'\nSystem info: os.name: 'Mac OS X', os.arch: 'aarch64', os.version: '14.2.1', java.version: '22.0.1'\nDriver info: org.openqa.selenium.firefox.FirefoxDriver\nCommand: [24c79bf6-f568-4ec9-b99f-21a68436d19b, clickElement {id=7107241a-63a7-42ff-8a7b-ae188eaee177}]\nCapabilities {acceptInsecureCerts: true, browserName: firefox, browserVersion: 125.0.3, moz:accessibilityChecks: false, moz:buildID: 20240425211020, moz:debuggerAddress: 127.0.0.1:43385, moz:geckodriverVersion: 0.34.0, moz:headless: false, moz:platformVersion: 23.2.0, moz:processID: 31609, moz:profile: /var/folders/cc/gb923fdn0cv..., moz:shutdownTimeout: 60000, moz:webdriverClick: true, moz:windowless: false, pageLoadStrategy: normal, platformName: mac, proxy: Proxy(), se:cdp: ws://127.0.0.1:43385/devtoo..., se:cdpVersion: 85.0, setWindowRect: true, strictFileInteractability: false, timeouts: {implicit: 0, pageLoad: 300000, script: 30000}, unhandledPromptBehavior: dismiss and notify, userAgent: Mozilla/5.0 (Macintosh; Int...}\nElement: [[FirefoxDriver: firefox on mac (24c79bf6-f568-4ec9-b99f-21a68436d19b)] -> css selector: #tableBody-leave-table tr:first-child]\nSession ID: 24c79bf6-f568-4ec9-b99f-21a68436d19b\n\tat java.base/jdk.internal.reflect.DirectConstructorHandleAccessor.newInstance(DirectConstructorHandleAccessor.java:62)\n\tat java.base/java.lang.reflect.Constructor.newInstanceWithCaller(Constructor.java:502)\n\tat java.base/java.lang.reflect.Constructor.newInstance(Constructor.java:486)\n\tat org.openqa.selenium.remote.codec.w3c.W3CHttpResponseCodec.createException(W3CHttpResponseCodec.java:200)\n\tat org.openqa.selenium.remote.codec.w3c.W3CHttpResponseCodec.decode(W3CHttpResponseCodec.java:133)\n\tat org.openqa.selenium.remote.codec.w3c.W3CHttpResponseCodec.decode(W3CHttpResponseCodec.java:52)\n\tat org.openqa.selenium.remote.HttpCommandExecutor.execute(HttpCommandExecutor.java:191)\n\tat org.openqa.selenium.remote.service.DriverCommandExecutor.invokeExecute(DriverCommandExecutor.java:196)\n\tat org.openqa.selenium.remote.service.DriverCommandExecutor.execute(DriverCommandExecutor.java:171)\n\tat org.openqa.selenium.remote.RemoteWebDriver.execute(RemoteWebDriver.java:518)\n\tat org.openqa.selenium.remote.RemoteWebElement.execute(RemoteWebElement.java:224)\n\tat org.openqa.selenium.remote.RemoteWebElement.click(RemoteWebElement.java:77)\n\tat mercans.stepdefinations.ReviewerSteps.clickFirstLeave(ReviewerSteps.java:24)\n\tat ✽.I clicks on the first leave that required the approval(file:///Users/macbook/Desktop/Resume/Automation/shary-selenium-java/src/test/java/features/Leaves.feature:42)\n"},"stage":"finished","steps":[],"attachments":[],"parameters":[],"start":1715534716225,"stop":1715534718248},{"name":"And  I clicks on the reject button in the right side-bar","status":"skipped","statusDetails":{"known":false,"muted":false,"flaky":false},"stage":"finished","steps":[],"attachments":[],"parameters":[],"start":1715534718248,"stop":1715534718249},{"name":"And  Submit the leave rejection note|reason \"Testing: leave rejection\"","status":"skipped","statusDetails":{"known":false,"muted":false,"flaky":false},"stage":"finished","steps":[],"attachments":[],"parameters":[],"start":1715534718249,"stop":1715534718249},{"name":"Then  Validate that alert should be displayed with the \"Review step has been rejected.\" text","status":"skipped","statusDetails":{"known":false,"muted":false,"flaky":false},"stage":"finished","steps":[],"attachments":[],"parameters":[],"start":1715534718250,"stop":1715534718250}],"attachments":[],"parameters":[],"start":1715534710081,"stop":1715534718791}